#
# There is insufficient memory for the Java Runtime Environment to continue.
# Native memory allocation (mmap) failed to map 268435456 bytes for G1 virtual space
# Possible reasons:
#   The system is out of physical RAM or swap space
#   The process is running with CompressedOops enabled, and the Java Heap may be blocking the growth of the native heap
# Possible solutions:
#   Reduce memory load on the system
#   Increase physical memory or swap space
#   Check if swap backing store is full
#   Decrease Java heap size (-Xmx/-Xms)
#   Decrease number of Java threads
#   Decrease Java thread stack sizes (-Xss)
#   Set larger code cache with -XX:ReservedCodeCacheSize=
#   JVM is running with Zero Based Compressed Oops mode in which the Java heap is
#     placed in the first 32GB address space. The Java Heap base address is the
#     maximum limit for the native heap growth. Please use -XX:HeapBaseMinAddress
#     to set the Java Heap base and to place the Java Heap above 32GB virtual address.
# This output file may be truncated or incomplete.
#
#  Out of Memory Error (os_windows.cpp:3769), pid=6320, tid=15672
#
# JRE version:  (17.0.6+1) (build )
# Java VM: OpenJDK 64-Bit Server VM (17.0.6+1-b653.34, mixed mode, sharing, tiered, compressed oops, compressed class ptrs, g1 gc, windows-amd64)
# No core dump will be written. Minidumps are not enabled by default on client versions of Windows
#

---------------  S U M M A R Y ------------

Command Line: git4idea.http.GitAskPassApp Username for 'https://github.com': 

Host: Intel(R) Core(TM) i7-8750H CPU @ 2.20GHz, 12 cores, 15G,  Windows 10 , 64 bit Build 19041 (10.0.19041.2546)
Time: Tue Mar 28 16:24:35 2023 Hora est. Pacífico, Sudamérica elapsed time: 0.010320 seconds (0d 0h 0m 0s)

---------------  T H R E A D  ---------------

Current thread (0x000001f057410870):  JavaThread "Unknown thread" [_thread_in_vm, id=15672, stack(0x000000d7bc700000,0x000000d7bc800000)]

Stack: [0x000000d7bc700000,0x000000d7bc800000]
Native frames: (J=compiled Java code, j=interpreted, Vv=VM code, C=native code)
V  [jvm.dll+0x683b4a]
V  [jvm.dll+0x842654]
V  [jvm.dll+0x843dfe]
V  [jvm.dll+0x844463]
V  [jvm.dll+0x249b75]
V  [jvm.dll+0x680a19]
V  [jvm.dll+0x674f0a]
V  [jvm.dll+0x309acb]
V  [jvm.dll+0x310f86]
V  [jvm.dll+0x3608ee]
V  [jvm.dll+0x360b1f]
V  [jvm.dll+0x2dfbf8]
V  [jvm.dll+0x2e0b64]
V  [jvm.dll+0x813f41]
V  [jvm.dll+0x36e6a1]
V  [jvm.dll+0x7f347c]
V  [jvm.dll+0x3f0e8f]
V  [jvm.dll+0x3f29d1]
C  [jli.dll+0x526b]
C  [ucrtbase.dll+0x21bb2]
C  [KERNEL32.DLL+0x17614]
C  [ntdll.dll+0x526a1]


---------------  P R O C E S S  ---------------

Threads class SMR info:
_java_thread_list=0x00007ffc658cc058, length=0, elements={
}

Java Threads: ( => current thread )

Other Threads:
  0x000001f05747bf40 GCTaskThread "GC Thread#0" [stack: 0x000000d7bc800000,0x000000d7bc900000] [id=20964]
  0x000001f05748dca0 ConcurrentGCThread "G1 Main Marker" [stack: 0x000000d7bc900000,0x000000d7bca00000] [id=20528]
  0x000001f05748e6b0 ConcurrentGCThread "G1 Conc#0" [stack: 0x000000d7bca00000,0x000000d7bcb00000] [id=2168]

[error occurred during error reporting (printing all threads), id 0xc0000005, EXCEPTION_ACCESS_VIOLATION (0xc0000005) at pc=0x00007ffc65080797]

VM state: not at safepoint (not fully initialized)

VM Mutex/Monitor currently owned by a thread:  ([mutex/lock_event])
[0x000001f05740b0c0] Heap_lock - owner thread: 0x000001f057410870

Heap address: 0x0000000701e00000, size: 4066 MB, Compressed Oops mode: Zero based, Oop shift amount: 3

CDS archive(s) mapped at: [0x0000000000000000-0x0000000000000000-0x0000000000000000), size 0, SharedBaseAddress: 0x0000000800000000, ArchiveRelocationMode: 0.
Narrow klass base: 0x0000000000000000, Narrow klass shift: 0, Narrow klass range: 0x0

GC Precious Log:
<Empty>

Heap:
 garbage-first heap   total 0K, used 0K [0x0000000701e00000, 0x0000000800000000)
  region size 2048K, 0 young (0K), 0 survivors (0K)

[error occurred during error reporting (printing heap information), id 0xc0000005, EXCEPTION_ACCESS_VIOLATION (0xc0000005) at pc=0x00007ffc6546d939]

GC Heap History (0 events):
No events

Dll operation events (1 events):
Event: 0.006 Loaded shared library C:\Program Files\JetBrains\PyCharm Community Edition 2022.3.3\jbr\bin\java.dll

Deoptimization events (0 events):
No events

Classes unloaded (0 events):
No events

Classes redefined (0 events):
No events

Internal exceptions (0 events):
No events

VM Operations (0 events):
No events

Events (0 events):
No events


Dynamic libraries:
0x00007ff734370000 - 0x00007ff73437a000 	C:\Program Files\JetBrains\PyCharm Community Edition 2022.3.3\jbr\bin\java.exe
0x00007ffcbab30000 - 0x00007ffcbad28000 	C:\Windows\SYSTEM32\ntdll.dll
0x00007ffcb9af0000 - 0x00007ffcb9baf000 	C:\Windows\System32\KERNEL32.DLL
0x00007ffcb88a0000 - 0x00007ffcb8b72000 	C:\Windows\System32\KERNELBASE.dll
0x00007ffcb8530000 - 0x00007ffcb8630000 	C:\Windows\System32\ucrtbase.dll
0x00007ffc8b190000 - 0x00007ffc8b1a7000 	C:\Program Files\JetBrains\PyCharm Community Edition 2022.3.3\jbr\bin\jli.dll
0x00007ffcb90a0000 - 0x00007ffcb9241000 	C:\Windows\System32\USER32.dll
0x00007ffcb8230000 - 0x00007ffcb8252000 	C:\Windows\System32\win32u.dll
0x00007ffc9fe50000 - 0x00007ffca00ea000 	C:\Windows\WinSxS\amd64_microsoft.windows.common-controls_6595b64144ccf1df_6.0.19041.1110_none_60b5254171f9507e\COMCTL32.dll
0x00007ffca7590000 - 0x00007ffca75ab000 	C:\Program Files\JetBrains\PyCharm Community Edition 2022.3.3\jbr\bin\VCRUNTIME140.dll
0x00007ffcb8f40000 - 0x00007ffcb8f6b000 	C:\Windows\System32\GDI32.dll
0x00007ffcb9880000 - 0x00007ffcb991e000 	C:\Windows\System32\msvcrt.dll
0x00007ffcb8680000 - 0x00007ffcb878f000 	C:\Windows\System32\gdi32full.dll
0x00007ffcb8790000 - 0x00007ffcb882d000 	C:\Windows\System32\msvcp_win.dll
0x00007ffcb9bc0000 - 0x00007ffcb9bf0000 	C:\Windows\System32\IMM32.DLL
0x00007ffcb4050000 - 0x00007ffcb405c000 	C:\Program Files\JetBrains\PyCharm Community Edition 2022.3.3\jbr\bin\vcruntime140_1.dll
0x00007ffc74e80000 - 0x00007ffc74f0d000 	C:\Program Files\JetBrains\PyCharm Community Edition 2022.3.3\jbr\bin\msvcp140.dll
0x00007ffc64d90000 - 0x00007ffc659fd000 	C:\Program Files\JetBrains\PyCharm Community Edition 2022.3.3\jbr\bin\server\jvm.dll
0x00007ffcb8be0000 - 0x00007ffcb8c8e000 	C:\Windows\System32\ADVAPI32.dll
0x00007ffcb9d10000 - 0x00007ffcb9dac000 	C:\Windows\System32\sechost.dll
0x00007ffcb8f70000 - 0x00007ffcb9094000 	C:\Windows\System32\RPCRT4.dll
0x00007ffc91520000 - 0x00007ffc91529000 	C:\Windows\SYSTEM32\WSOCK32.dll
0x00007ffcb1270000 - 0x00007ffcb127a000 	C:\Windows\SYSTEM32\VERSION.dll
0x00007ffcb9250000 - 0x00007ffcb92bb000 	C:\Windows\System32\WS2_32.dll
0x00007ffca6200000 - 0x00007ffca6227000 	C:\Windows\SYSTEM32\WINMM.dll
0x00007ffcb62d0000 - 0x00007ffcb62e2000 	C:\Windows\SYSTEM32\kernel.appcore.dll
0x00007ffcb3f40000 - 0x00007ffcb3f4a000 	C:\Program Files\JetBrains\PyCharm Community Edition 2022.3.3\jbr\bin\jimage.dll
0x00007ffca58c0000 - 0x00007ffca5aa4000 	C:\Windows\SYSTEM32\DBGHELP.DLL
0x00007ffca2df0000 - 0x00007ffca2e25000 	C:\Windows\SYSTEM32\dbgcore.DLL
0x00007ffcb8310000 - 0x00007ffcb8392000 	C:\Windows\System32\bcryptPrimitives.dll
0x00007ffcafe40000 - 0x00007ffcafe65000 	C:\Program Files\JetBrains\PyCharm Community Edition 2022.3.3\jbr\bin\java.dll

dbghelp: loaded successfully - version: 4.0.5 - missing functions: none
symbol engine: initialized successfully - sym options: 0x614 - pdb path: .;C:\Program Files\JetBrains\PyCharm Community Edition 2022.3.3\jbr\bin;C:\Windows\SYSTEM32;C:\Windows\WinSxS\amd64_microsoft.windows.common-controls_6595b64144ccf1df_6.0.19041.1110_none_60b5254171f9507e;C:\Program Files\JetBrains\PyCharm Community Edition 2022.3.3\jbr\bin\server

VM Arguments:
java_command: git4idea.http.GitAskPassApp Username for 'https://github.com': 
java_class_path (initial): C:/Program Files/JetBrains/PyCharm Community Edition 2022.3.3/plugins/vcs-git/lib/git4idea-rt.jar;C:/Program Files/JetBrains/PyCharm Community Edition 2022.3.3/lib/externalProcess-rt.jar;C:/Program Files/JetBrains/PyCharm Community Edition 2022.3.3/lib/app.jar;C:/Program Files/JetBrains/PyCharm Community Edition 2022.3.3/lib/3rd-party-rt.jar
Launcher Type: SUN_STANDARD

[Global flags]
     intx CICompilerCount                          = 4                                         {product} {ergonomic}
     uint ConcGCThreads                            = 3                                         {product} {ergonomic}
     uint G1ConcRefinementThreads                  = 10                                        {product} {ergonomic}
   size_t G1HeapRegionSize                         = 2097152                                   {product} {ergonomic}
    uintx GCDrainStackTargetSize                   = 64                                        {product} {ergonomic}
   size_t InitialHeapSize                          = 268435456                                 {product} {ergonomic}
   size_t MarkStackSize                            = 4194304                                   {product} {ergonomic}
   size_t MaxHeapSize                              = 4263510016                                {product} {ergonomic}
   size_t MinHeapDeltaBytes                        = 2097152                                   {product} {ergonomic}
   size_t MinHeapSize                              = 8388608                                   {product} {ergonomic}
    uintx NonNMethodCodeHeapSize                   = 5839372                                {pd product} {ergonomic}
    uintx NonProfiledCodeHeapSize                  = 122909434                              {pd product} {ergonomic}
    uintx ProfiledCodeHeapSize                     = 122909434                              {pd product} {ergonomic}
    uintx ReservedCodeCacheSize                    = 251658240                              {pd product} {ergonomic}
     bool SegmentedCodeCache                       = true                                      {product} {ergonomic}
   size_t SoftMaxHeapSize                          = 4263510016                             {manageable} {ergonomic}
     bool UseCompressedClassPointers               = true                           {product lp64_product} {ergonomic}
     bool UseCompressedOops                        = true                           {product lp64_product} {ergonomic}
     bool UseG1GC                                  = true                                      {product} {ergonomic}
     bool UseLargePagesIndividualAllocation        = false                                  {pd product} {ergonomic}

Logging:
Log output configuration:
 #0: stdout all=warning uptime,level,tags
 #1: stderr all=off uptime,level,tags

Environment Variables:
PATH=C:\Program Files\Git\mingw64\libexec\git-core;C:\Program Files\Git\mingw64\libexec\git-core;C:\Program Files\Git\mingw64\bin;C:\Program Files\Git\usr\bin;C:\Users\ingyo\bin;C:\Users\ingyo\PycharmProjects\technicalTest\venv\Scripts;C:\Python311\Scripts;C:\Python311;C:\Program Files\Common Files\Oracle\Java\javapath;C:\Python39\Scripts;C:\Python39;C:\Windows\system32;C:\Windows;C:\Windows\System32\Wbem;C:\Windows\System32\WindowsPowerShell\v1.0;C:\Windows\System32\OpenSSH;C:\Program Files\NVIDIA Corporation\NVIDIA NvDLISR;C:\Program Files (x86)\NVIDIA Corporation\PhysX\Common;C:\Program Files\Intel\WiFi\bin;C:\Program Files\Common Files\Intel\WirelessCommon;C:\ProgramData\chocolatey\bin;C:\Program Files\nodejs;C:\Program Files\Git\cmd;C:\Users\ingyo\AppData\Local\Programs\Python\Python310\Scripts;C:\Users\ingyo\AppData\Local\Programs\Python\Python310;C:\Users\ingyo\AppData\Local\Microsoft\WindowsApps;C:\Program Files\Intel\WiFi\bin;C:\Program Files\Common Files\Intel\WirelessCommon;C:\Program Files\Sublime Text;C:\Users\ingyo\AppData\Local\Programs\Microsoft VS Code\bin;C:\Users\ingyo\AppData\Local\Programs\Python\Python310;C:\Users\ingyo\AppData\Local\Programs\Python\Python310\Scripts;C:\Users\ingyo\AppData\Local\GitHubDesktop\bin;D:\MEGA\PROGRAMMER\Programming-courses\MISION TIC UTP\CICLO 2\SQLITE\sqlite-tools-win32-x86-3390100;C:\Program Files\heroku\bin;C:\Users\ingyo\AppData\Roaming\npm;C:\Python311\Lib\site-packages\PyInstaller
USERNAME=ingyo
DISPLAY=:0.0
LC_ALL=en_US.UTF-8
TERM=xterm-256color
TMPDIR=C:\Users\ingyo\AppData\Local\Temp
OS=Windows_NT
PROCESSOR_IDENTIFIER=Intel64 Family 6 Model 158 Stepping 10, GenuineIntel
TMP=C:\Users\ingyo\AppData\Local\Temp
TEMP=C:\Users\ingyo\AppData\Local\Temp



---------------  S Y S T E M  ---------------

OS:
 Windows 10 , 64 bit Build 19041 (10.0.19041.2546)
OS uptime: 4 days 0:20 hours

CPU: total 12 (initial active 12) (6 cores per cpu, 2 threads per core) family 6 model 158 stepping 10 microcode 0xb4, cx8, cmov, fxsr, ht, mmx, 3dnowpref, sse, sse2, sse3, ssse3, sse4.1, sse4.2, popcnt, lzcnt, tsc, tscinvbit, avx, avx2, aes, erms, clmul, bmi1, bmi2, adx, fma, vzeroupper, clflush, clflushopt

Memory: 4k page, system-wide physical 16262M (1712M free)
TotalPageFile size 65414M (AvailPageFile size 176M)
current process WorkingSet (physical memory assigned to process): 10M, peak: 10M
current process commit charge ("private bytes"): 64M, peak: 320M

vm_info: OpenJDK 64-Bit Server VM (17.0.6+1-b653.34) for windows-amd64 JRE (17.0.6+1-b653.34), built on 2023-02-24 by "builduser" with MS VC++ 16.10 / 16.11 (VS2019)

END.
